0 info it worked if it ends with ok
1 verbose cli [ '/home/alex/.nvm/versions/node/v6.2.2/bin/node',
1 verbose cli   '/home/alex/.nvm/versions/node/v6.2.2/bin/npm',
1 verbose cli   'run',
1 verbose cli   'make',
1 verbose cli   'web-local' ]
2 info using npm@3.9.5
3 info using node@v6.2.2
4 verbose stack Error: missing script: make
4 verbose stack     at run (/home/alex/.nvm/versions/node/v6.2.2/lib/node_modules/npm/lib/run-script.js:150:19)
4 verbose stack     at /home/alex/.nvm/versions/node/v6.2.2/lib/node_modules/npm/lib/run-script.js:60:5
4 verbose stack     at /home/alex/.nvm/versions/node/v6.2.2/lib/node_modules/npm/node_modules/read-package-json/read-json.js:356:5
4 verbose stack     at checkBinReferences_ (/home/alex/.nvm/versions/node/v6.2.2/lib/node_modules/npm/node_modules/read-package-json/read-json.js:320:45)
4 verbose stack     at final (/home/alex/.nvm/versions/node/v6.2.2/lib/node_modules/npm/node_modules/read-package-json/read-json.js:354:3)
4 verbose stack     at then (/home/alex/.nvm/versions/node/v6.2.2/lib/node_modules/npm/node_modules/read-package-json/read-json.js:124:5)
4 verbose stack     at /home/alex/.nvm/versions/node/v6.2.2/lib/node_modules/npm/node_modules/read-package-json/read-json.js:311:12
4 verbose stack     at /home/alex/.nvm/versions/node/v6.2.2/lib/node_modules/npm/node_modules/graceful-fs/graceful-fs.js:78:16
4 verbose stack     at tryToString (fs.js:449:3)
4 verbose stack     at FSReqWrap.readFileAfterClose [as oncomplete] (fs.js:436:12)
5 verbose cwd /home/alex/repos/code.pyret.org
6 error Linux 4.2.0-30-generic
7 error argv "/home/alex/.nvm/versions/node/v6.2.2/bin/node" "/home/alex/.nvm/versions/node/v6.2.2/bin/npm" "run" "make" "web-local"
8 error node v6.2.2
9 error npm  v3.9.5
10 error missing script: make
11 error If you need help, you may report this error at:
11 error     <https://github.com/npm/npm/issues>
12 verbose exit [ 1, true ]
